INFO:Starting...
DEBUG:Found basenode:Coop Vitality AG(id:75788)
INFO:Calculating number of items...
DEBUG:Total nodes:107
INFO:Creating new parition thread with 7
INFO:Creating new parition thread with 7
INFO:Creating new parition thread with 7
INFO:Creating new parition thread with 7
INFO:Creating new parition thread with 7
INFO:Creating new parition thread with 7
INFO:Creating new parition thread with 7
INFO:Creating new parition thread with 7
INFO:Creating new parition thread with 7
INFO:Creating new parition thread with 7
INFO:Creating new parition thread with 7
INFO:Creating new parition thread with 7
INFO:Creating new parition thread with 2
INFO:Creating new parition thread with 7
INFO:Creating new parition thread with 7
INFO:Creating new parition thread with 7
DEBUG:Processing item Human Resources(id:155919): current right entry:cst@ixenso.com(id:52388)
DEBUG:Removing cst@ixenso.com(id:52388) from Human Resources(id:155919)
DEBUG:Processing item SCM(id:153663): current right entry:cst@ixenso.com(id:52388)
DEBUG:Removing cst@ixenso.com(id:52388) from SCM(id:153663)
DEBUG:Processing item G-L(id:160019): current right entry:cst@ixenso.com(id:52388)
DEBUG:Removing cst@ixenso.com(id:52388) from G-L(id:160019)
DEBUG:Processing item Marketing(id:153662): current right entry:cst@ixenso.com(id:52388)
DEBUG:Removing cst@ixenso.com(id:52388) from Marketing(id:153662)
DEBUG:Processing item Unternehmensführung(id:153664): current right entry:cst@ixenso.com(id:52388)
DEBUG:Removing cst@ixenso.com(id:52388) from Unternehmensführung(id:153664)
DEBUG:Processing item Human Resources(id:155919): current right entry:dhe@ixenso.com(id:52483)
DEBUG:Processing item SCM(id:153663): current right entry:dhe@ixenso.com(id:52483)
DEBUG:Processing item Marketing(id:153662): current right entry:dhe@ixenso.com(id:52483)
DEBUG:Processing item 478c1c7d-cf34-42e7-9919-0024c8dc5121_Prescription.tif(id:153355): current right entry:cst@ixenso.com(id:52388)
DEBUG:Removing cst@ixenso.com(id:52388) from 478c1c7d-cf34-42e7-9919-0024c8dc5121_Prescription.tif(id:153355)
DEBUG:Processing item 478c1c7d-cf34-42e7-9919-0024c8dc5121_Prescription.tif(id:153355): current right entry:dhe@ixenso.com(id:52483)
DEBUG:Processing item Unternehmensführung(id:153664): current right entry:dhe@ixenso.com(id:52483)
DEBUG:Processing item Qualitätssicherung(id:160029): current right entry:cst@ixenso.com(id:52388)
DEBUG:Removing cst@ixenso.com(id:52388) from Qualitätssicherung(id:160029)
DEBUG:Processing item Qualitätssicherung(id:160029): current right entry:dhe@ixenso.com(id:52483)
DEBUG:Processing item Einkauf(id:153049): current right entry:cst@ixenso.com(id:52388)
DEBUG:Removing cst@ixenso.com(id:52388) from Einkauf(id:153049)
DEBUG:Processing item Einkauf(id:153049): current right entry:dhe@ixenso.com(id:52483)
DEBUG:Processing item Human Resources(id:155919): current right entry:jla@ixenso.com(id:51715)
DEBUG:Processing item G-L(id:160019): current right entry:dhe@ixenso.com(id:52483)
DEBUG:Processing item G-L(id:160019): current right entry:jla@ixenso.com(id:51715)
DEBUG:Processing item SCM(id:153663): current right entry:jla@ixenso.com(id:51715)
DEBUG:Processing item Marketing(id:153662): current right entry:jla@ixenso.com(id:51715)
DEBUG:Processing item 4f91746e-2b64-4b9c-ba3f-001aeb164a46_Prescription.tif(id:153350): current right entry:cst@ixenso.com(id:52388)
DEBUG:Removing cst@ixenso.com(id:52388) from 4f91746e-2b64-4b9c-ba3f-001aeb164a46_Prescription.tif(id:153350)
DEBUG:Processing item 4f91746e-2b64-4b9c-ba3f-001aeb164a46_Prescription.tif(id:153350): current right entry:dhe@ixenso.com(id:52483)
DEBUG:Processing item 4f91746e-2b64-4b9c-ba3f-001aeb164a46_Prescription.tif(id:153350): current right entry:jla@ixenso.com(id:51715)
DEBUG:Processing item 478c1c7d-cf34-42e7-9919-0024c8dc5121_Prescription.tif(id:153355): current right entry:jla@ixenso.com(id:51715)
DEBUG:Processing item Test_Document2(id:304942): current right entry:cst@ixenso.com(id:52388)
DEBUG:Removing cst@ixenso.com(id:52388) from Test_Document2(id:304942)
DEBUG:Processing item Test_Document2(id:304942): current right entry:dhe@ixenso.com(id:52483)
DEBUG:Processing item Test_Document2(id:304942): current right entry:jla@ixenso.com(id:51715)
DEBUG:Processing item Unternehmensführung(id:153664): current right entry:jla@ixenso.com(id:51715)
DEBUG:Processing item Qualitätssicherung(id:160029): current right entry:jla@ixenso.com(id:51715)
DEBUG:Processing item Einkauf(id:153049): current right entry:jla@ixenso.com(id:51715)
DEBUG:Processing item 006(id:153331): current right entry:cst@ixenso.com(id:52388)
DEBUG:Removing cst@ixenso.com(id:52388) from 006(id:153331)
DEBUG:Processing item 006(id:153331): current right entry:dhe@ixenso.com(id:52483)
DEBUG:Processing item 006(id:153331): current right entry:jla@ixenso.com(id:51715)
DEBUG:Processing item 4f91746e-2b64-4b9c-ba3f-001aeb164a46_Prescription.tif(id:153350): current right entry:md@ixenso.com(id:52498)
DEBUG:Processing item 478c1c7d-cf34-42e7-9919-0024c8dc5121_Prescription.tif(id:153355): current right entry:md@ixenso.com(id:52498)
DEBUG:Processing item Test(id:241507): current right entry:cst@ixenso.com(id:52388)
DEBUG:Removing cst@ixenso.com(id:52388) from Test(id:241507)
DEBUG:Processing item Test(id:241507): current right entry:dhe@ixenso.com(id:52483)
DEBUG:Processing item Test(id:241507): current right entry:jla@ixenso.com(id:51715)
DEBUG:Processing item 050(id:200294): current right entry:cst@ixenso.com(id:52388)
DEBUG:Removing cst@ixenso.com(id:52388) from 050(id:200294)
DEBUG:Processing item 050(id:200294): current right entry:dhe@ixenso.com(id:52483)
DEBUG:Processing item 050(id:200294): current right entry:jla@ixenso.com(id:51715)
DEBUG:Processing item 006(id:153331): current right entry:md@ixenso.com(id:52498)
DEBUG:Processing item 4f91746e-2b64-4b9c-ba3f-001aeb164a46_Prescription.tif(id:153350): current right entry:mtb@ixenso.com(id:51830)
DEBUG:Processing item 478c1c7d-cf34-42e7-9919-0024c8dc5121_Prescription.tif(id:153355): current right entry:mtb@ixenso.com(id:51830)
DEBUG:Processing item COOP VITALITY APOTHEKE LERCHENFELD(id:153319): current right entry:cst@ixenso.com(id:52388)
DEBUG:Removing cst@ixenso.com(id:52388) from COOP VITALITY APOTHEKE LERCHENFELD(id:153319)
DEBUG:Processing item COOP VITALITY APOTHEKE LERCHENFELD(id:153319): current right entry:dhe@ixenso.com(id:52483)
DEBUG:Processing item COOP VITALITY APOTHEKE LERCHENFELD(id:153319): current right entry:jla@ixenso.com(id:51715)
DEBUG:Processing item COOP VITALITY APOTHEKE LERCHENFELD(id:153319): current right entry:md@ixenso.com(id:52498)
DEBUG:Processing item COOP VITALITY APOTHEKE LERCHENFELD(id:153319): current right entry:mtb@ixenso.com(id:51830)
DEBUG:Processing item IT(id:153661): current right entry:cst@ixenso.com(id:52388)
DEBUG:Removing cst@ixenso.com(id:52388) from IT(id:153661)
DEBUG:Processing item IT(id:153661): current right entry:dhe@ixenso.com(id:52483)
DEBUG:Processing item IT(id:153661): current right entry:jla@ixenso.com(id:51715)
DEBUG:Processing item 006(id:153331): current right entry:mtb@ixenso.com(id:51830)
DEBUG:Processing item TestFile3(id:308892): current right entry:cst@ixenso.com(id:52388)
DEBUG:Removing cst@ixenso.com(id:52388) from TestFile3(id:308892)
DEBUG:Processing item TestFile3(id:308892): current right entry:dhe@ixenso.com(id:52483)
DEBUG:Processing item TestFile3(id:308892): current right entry:jla@ixenso.com(id:51715)
DEBUG:Processing item Test_Document(id:299102): current right entry:cst@ixenso.com(id:52388)
DEBUG:Removing cst@ixenso.com(id:52388) from Test_Document(id:299102)
DEBUG:Processing item Test_Document(id:299102): current right entry:dhe@ixenso.com(id:52483)
DEBUG:Processing item Test_Document(id:299102): current right entry:jla@ixenso.com(id:51715)
DEBUG:Processing item 041(id:153335): current right entry:cst@ixenso.com(id:52388)
DEBUG:Removing cst@ixenso.com(id:52388) from 041(id:153335)
DEBUG:Processing item 041(id:153335): current right entry:dhe@ixenso.com(id:52483)
DEBUG:Processing item 041(id:153335): current right entry:jla@ixenso.com(id:51715)
DEBUG:Processing item 041(id:153335): current right entry:md@ixenso.com(id:52498)
DEBUG:Processing item 041(id:153335): current right entry:mtb@ixenso.com(id:51830)
DEBUG:Processing item Projekt(id:160028): current right entry:cst@ixenso.com(id:52388)
DEBUG:Removing cst@ixenso.com(id:52388) from Projekt(id:160028)
DEBUG:Processing item Projekt(id:160028): current right entry:dhe@ixenso.com(id:52483)
DEBUG:Processing item Projekt(id:160028): current right entry:jla@ixenso.com(id:51715)
DEBUG:Processing item Finanzen(id:153660): current right entry:cst@ixenso.com(id:52388)
DEBUG:Removing cst@ixenso.com(id:52388) from Finanzen(id:153660)
DEBUG:Processing item Finanzen(id:153660): current right entry:dhe@ixenso.com(id:52483)
DEBUG:Processing item Finanzen(id:153660): current right entry:jla@ixenso.com(id:51715)
DEBUG:Processing item 050(id:155588): current right entry:cst@ixenso.com(id:52388)
DEBUG:Removing cst@ixenso.com(id:52388) from 050(id:155588)
DEBUG:Processing item 050(id:155588): current right entry:dhe@ixenso.com(id:52483)
DEBUG:Processing item 050(id:155588): current right entry:jla@ixenso.com(id:51715)
DEBUG:Processing item 050(id:155588): current right entry:md@ixenso.com(id:52498)
DEBUG:Processing item 050(id:155588): current right entry:mtb@ixenso.com(id:51830)
DEBUG:Processing item PHARMACIE COOP VITALITY CRISSIER(id:153659): current right entry:cst@ixenso.com(id:52388)
DEBUG:Removing cst@ixenso.com(id:52388) from PHARMACIE COOP VITALITY CRISSIER(id:153659)
DEBUG:Processing item PHARMACIE COOP VITALITY CRISSIER(id:153659): current right entry:dhe@ixenso.com(id:52483)
DEBUG:Processing item PHARMACIE COOP VITALITY CRISSIER(id:153659): current right entry:jla@ixenso.com(id:51715)
DEBUG:Processing item PHARMACIE COOP VITALITY CRISSIER(id:153659): current right entry:md@ixenso.com(id:52498)
DEBUG:Processing item PHARMACIE COOP VITALITY CRISSIER(id:153659): current right entry:mtb@ixenso.com(id:51830)
DEBUG:Processing item CVI(id:98785): current right entry:cst@ixenso.com(id:52388)
DEBUG:Removing cst@ixenso.com(id:52388) from CVI(id:98785)
DEBUG:Processing item CVI(id:98785): current right entry:dhe@ixenso.com(id:52483)
DEBUG:Processing item CVI(id:98785): current right entry:jla@ixenso.com(id:51715)
DEBUG:Processing item CVI(id:98785): current right entry:md@ixenso.com(id:52498)
DEBUG:Processing item CVI(id:98785): current right entry:mtb@ixenso.com(id:51830)
DEBUG:Processing item 022(id:153337): current right entry:cst@ixenso.com(id:52388)
DEBUG:Removing cst@ixenso.com(id:52388) from 022(id:153337)
DEBUG:Processing item 022(id:153337): current right entry:dhe@ixenso.com(id:52483)
DEBUG:Processing item 022(id:153337): current right entry:jla@ixenso.com(id:51715)
DEBUG:Processing item 022(id:153337): current right entry:md@ixenso.com(id:52498)
DEBUG:Processing item 022(id:153337): current right entry:mtb@ixenso.com(id:51830)
DEBUG:Processing item TestFile4.tif(id:308893): current right entry:cst@ixenso.com(id:52388)
DEBUG:Removing cst@ixenso.com(id:52388) from TestFile4.tif(id:308893)
DEBUG:Processing item TestFile4.tif(id:308893): current right entry:dhe@ixenso.com(id:52483)
DEBUG:Processing item TestFile4.tif(id:308893): current right entry:jla@ixenso.com(id:51715)
DEBUG:Processing item Verkauf(id:153665): current right entry:cst@ixenso.com(id:52388)
DEBUG:Removing cst@ixenso.com(id:52388) from Verkauf(id:153665)
DEBUG:Processing item Verkauf(id:153665): current right entry:dhe@ixenso.com(id:52483)
DEBUG:Processing item Verkauf(id:153665): current right entry:jla@ixenso.com(id:51715)
INFO:Partition has updated items in basefolder 75788 in 5578 milliseconds...
INFO:Document remaining: 105...
INFO:Completed 1/16 partitons: 6,25%...
DEBUG:Processing item TestFile2(id:307140): current right entry:cst@ixenso.com(id:52388)
DEBUG:Removing cst@ixenso.com(id:52388) from TestFile2(id:307140)
DEBUG:Processing item TestFile2(id:307140): current right entry:dhe@ixenso.com(id:52483)
DEBUG:Processing item TestFile2(id:307140): current right entry:jla@ixenso.com(id:51715)
DEBUG:Processing item Unternehmensführung(id:160031): current right entry:cst@ixenso.com(id:52388)
DEBUG:Removing cst@ixenso.com(id:52388) from Unternehmensführung(id:160031)
DEBUG:Processing item Unternehmensführung(id:160031): current right entry:dhe@ixenso.com(id:52483)
DEBUG:Processing item Unternehmensführung(id:160031): current right entry:jla@ixenso.com(id:51715)
DEBUG:Processing item TestFile3.tif(id:307242): current right entry:cst@ixenso.com(id:52388)
DEBUG:Removing cst@ixenso.com(id:52388) from TestFile3.tif(id:307242)
DEBUG:Processing item TestFile3.tif(id:307242): current right entry:dhe@ixenso.com(id:52483)
DEBUG:Processing item TestFile3.tif(id:307242): current right entry:jla@ixenso.com(id:51715)
DEBUG:Processing item e7fa9ecf-9eed-44b0-87d5-451e7075d95c_Prescription.tif(id:155589): current right entry:cst@ixenso.com(id:52388)
DEBUG:Removing cst@ixenso.com(id:52388) from e7fa9ecf-9eed-44b0-87d5-451e7075d95c_Prescription.tif(id:155589)
DEBUG:Processing item e7fa9ecf-9eed-44b0-87d5-451e7075d95c_Prescription.tif(id:155589): current right entry:dhe@ixenso.com(id:52483)
DEBUG:Processing item e7fa9ecf-9eed-44b0-87d5-451e7075d95c_Prescription.tif(id:155589): current right entry:jla@ixenso.com(id:51715)
DEBUG:Processing item e7fa9ecf-9eed-44b0-87d5-451e7075d95c_Prescription.tif(id:155589): current right entry:md@ixenso.com(id:52498)
DEBUG:Processing item e7fa9ecf-9eed-44b0-87d5-451e7075d95c_Prescription.tif(id:155589): current right entry:mtb@ixenso.com(id:51830)
DEBUG:Processing item TestFile5.tif(id:308894): current right entry:cst@ixenso.com(id:52388)
DEBUG:Removing cst@ixenso.com(id:52388) from TestFile5.tif(id:308894)
DEBUG:Processing item TestFile5.tif(id:308894): current right entry:dhe@ixenso.com(id:52483)
DEBUG:Processing item TestFile5.tif(id:308894): current right entry:jla@ixenso.com(id:51715)
INFO:Partition has updated items in basefolder 75788 in 7175 milliseconds...
DEBUG:Processing item IX Invoice Management(id:280226): current right entry:cst@ixenso.com(id:52388)
DEBUG:Removing cst@ixenso.com(id:52388) from IX Invoice Management(id:280226)
DEBUG:Processing item IX Invoice Management(id:280226): current right entry:dhe@ixenso.com(id:52483)
DEBUG:Processing item IX Invoice Management(id:280226): current right entry:jla@ixenso.com(id:51715)
DEBUG:Processing item 891db467-dbd2-4f93-bcd9-002311b86757_Prescription.tif(id:153354): current right entry:cst@ixenso.com(id:52388)
DEBUG:Removing cst@ixenso.com(id:52388) from 891db467-dbd2-4f93-bcd9-002311b86757_Prescription.tif(id:153354)
DEBUG:Processing item 891db467-dbd2-4f93-bcd9-002311b86757_Prescription.tif(id:153354): current right entry:dhe@ixenso.com(id:52483)
DEBUG:Processing item 891db467-dbd2-4f93-bcd9-002311b86757_Prescription.tif(id:153354): current right entry:jla@ixenso.com(id:51715)
DEBUG:Processing item 891db467-dbd2-4f93-bcd9-002311b86757_Prescription.tif(id:153354): current right entry:md@ixenso.com(id:52498)
DEBUG:Processing item 891db467-dbd2-4f93-bcd9-002311b86757_Prescription.tif(id:153354): current right entry:mtb@ixenso.com(id:51830)
INFO:Document remaining: 98...
INFO:Completed 2/16 partitons: 12,50%...
DEBUG:Processing item Box.Galenica.com(id:160032): current right entry:cst@ixenso.com(id:52388)
DEBUG:Removing cst@ixenso.com(id:52388) from Box.Galenica.com(id:160032)
DEBUG:Processing item Box.Galenica.com(id:160032): current right entry:dhe@ixenso.com(id:52483)
DEBUG:Processing item Box.Galenica.com(id:160032): current right entry:jla@ixenso.com(id:51715)
DEBUG:Processing item Stammdatenmanagement(id:160030): current right entry:cst@ixenso.com(id:52388)
DEBUG:Removing cst@ixenso.com(id:52388) from Stammdatenmanagement(id:160030)
DEBUG:Processing item Stammdatenmanagement(id:160030): current right entry:dhe@ixenso.com(id:52483)
DEBUG:Processing item Stammdatenmanagement(id:160030): current right entry:jla@ixenso.com(id:51715)
DEBUG:Processing item 017(id:153330): current right entry:cst@ixenso.com(id:52388)
DEBUG:Removing cst@ixenso.com(id:52388) from 017(id:153330)
DEBUG:Processing item 017(id:153330): current right entry:dhe@ixenso.com(id:52483)
DEBUG:Processing item 017(id:153330): current right entry:jla@ixenso.com(id:51715)
DEBUG:Processing item 017(id:153330): current right entry:md@ixenso.com(id:52498)
DEBUG:Processing item 017(id:153330): current right entry:mtb@ixenso.com(id:51830)
DEBUG:Processing item 014(id:153334): current right entry:cst@ixenso.com(id:52388)
DEBUG:Removing cst@ixenso.com(id:52388) from 014(id:153334)
DEBUG:Processing item 014(id:153334): current right entry:dhe@ixenso.com(id:52483)
DEBUG:Processing item 014(id:153334): current right entry:jla@ixenso.com(id:51715)
DEBUG:Processing item 014(id:153334): current right entry:md@ixenso.com(id:52498)
DEBUG:Processing item 014(id:153334): current right entry:mtb@ixenso.com(id:51830)
DEBUG:Processing item Q U S Management(id:280227): current right entry:cst@ixenso.com(id:52388)
DEBUG:Removing cst@ixenso.com(id:52388) from Q U S Management(id:280227)
DEBUG:Processing item Q U S Management(id:280227): current right entry:dhe@ixenso.com(id:52483)
DEBUG:Processing item Q U S Management(id:280227): current right entry:jla@ixenso.com(id:51715)
DEBUG:Processing item 022(id:153336): current right entry:cst@ixenso.com(id:52388)
DEBUG:Removing cst@ixenso.com(id:52388) from 022(id:153336)
DEBUG:Processing item 022(id:153336): current right entry:dhe@ixenso.com(id:52483)
DEBUG:Processing item 022(id:153336): current right entry:jla@ixenso.com(id:51715)
DEBUG:Processing item 022(id:153336): current right entry:md@ixenso.com(id:52498)
DEBUG:Processing item 022(id:153336): current right entry:mtb@ixenso.com(id:51830)
DEBUG:Processing item Infrastruktur(id:160026): current right entry:cst@ixenso.com(id:52388)
DEBUG:Removing cst@ixenso.com(id:52388) from Infrastruktur(id:160026)
DEBUG:Processing item Infrastruktur(id:160026): current right entry:dhe@ixenso.com(id:52483)
DEBUG:Processing item Infrastruktur(id:160026): current right entry:jla@ixenso.com(id:51715)
DEBUG:Processing item Information Technology(id:160025): current right entry:cst@ixenso.com(id:52388)
DEBUG:Removing cst@ixenso.com(id:52388) from Information Technology(id:160025)
DEBUG:Processing item Information Technology(id:160025): current right entry:dhe@ixenso.com(id:52483)
DEBUG:Processing item Information Technology(id:160025): current right entry:jla@ixenso.com(id:51715)
DEBUG:Processing item Management(id:160027): current right entry:cst@ixenso.com(id:52388)
DEBUG:Removing cst@ixenso.com(id:52388) from Management(id:160027)
DEBUG:Processing item Management(id:160027): current right entry:dhe@ixenso.com(id:52483)
DEBUG:Processing item Management(id:160027): current right entry:jla@ixenso.com(id:51715)
INFO:Partition has updated items in basefolder 75788 in 7190 milliseconds...
DEBUG:Processing item 3666af01-4654-483e-9a96-b1589ca75d59_Prescription.tif(id:159909): current right entry:cst@ixenso.com(id:52388)
DEBUG:Removing cst@ixenso.com(id:52388) from 3666af01-4654-483e-9a96-b1589ca75d59_Prescription.tif(id:159909)
DEBUG:Processing item 3666af01-4654-483e-9a96-b1589ca75d59_Prescription.tif(id:159909): current right entry:dhe@ixenso.com(id:52483)
DEBUG:Processing item 3666af01-4654-483e-9a96-b1589ca75d59_Prescription.tif(id:159909): current right entry:jla@ixenso.com(id:51715)
DEBUG:Processing item 3666af01-4654-483e-9a96-b1589ca75d59_Prescription.tif(id:159909): current right entry:md@ixenso.com(id:52498)
DEBUG:Processing item 3666af01-4654-483e-9a96-b1589ca75d59_Prescription.tif(id:159909): current right entry:mtb@ixenso.com(id:51830)
INFO:Document remaining: 91...
INFO:Completed 3/16 partitons: 18,75%...
DEBUG:Processing item 019(id:153328): current right entry:cst@ixenso.com(id:52388)
DEBUG:Removing cst@ixenso.com(id:52388) from 019(id:153328)
DEBUG:Processing item 019(id:153328): current right entry:dhe@ixenso.com(id:52483)
DEBUG:Processing item 019(id:153328): current right entry:jla@ixenso.com(id:51715)
DEBUG:Processing item 019(id:153328): current right entry:md@ixenso.com(id:52498)
DEBUG:Processing item 019(id:153328): current right entry:mtb@ixenso.com(id:51830)
INFO:Partition has updated items in basefolder 75788 in 5530 milliseconds...
INFO:Document remaining: 84...
INFO:Completed 4/16 partitons: 25,00%...
DEBUG:Processing item 93d0a1a6-4d3a-465f-98be-0025cae6ff30_Prescription.tif(id:153357): current right entry:cst@ixenso.com(id:52388)
DEBUG:Removing cst@ixenso.com(id:52388) from 93d0a1a6-4d3a-465f-98be-0025cae6ff30_Prescription.tif(id:153357)
DEBUG:Processing item 93d0a1a6-4d3a-465f-98be-0025cae6ff30_Prescription.tif(id:153357): current right entry:dhe@ixenso.com(id:52483)
DEBUG:Processing item 93d0a1a6-4d3a-465f-98be-0025cae6ff30_Prescription.tif(id:153357): current right entry:jla@ixenso.com(id:51715)
DEBUG:Processing item 93d0a1a6-4d3a-465f-98be-0025cae6ff30_Prescription.tif(id:153357): current right entry:md@ixenso.com(id:52498)
DEBUG:Processing item 93d0a1a6-4d3a-465f-98be-0025cae6ff30_Prescription.tif(id:153357): current right entry:mtb@ixenso.com(id:51830)
INFO:Partition has updated items in basefolder 75788 in 6498 milliseconds...
DEBUG:Processing item Test4(id:304950): current right entry:cst@ixenso.com(id:52388)
DEBUG:Removing cst@ixenso.com(id:52388) from Test4(id:304950)
DEBUG:Processing item Test4(id:304950): current right entry:dhe@ixenso.com(id:52483)
DEBUG:Processing item Test4(id:304950): current right entry:jla@ixenso.com(id:51715)
INFO:Document remaining: 77...
INFO:Completed 5/16 partitons: 31,25%...
DEBUG:Processing item TestFile(id:307139): current right entry:cst@ixenso.com(id:52388)
DEBUG:Removing cst@ixenso.com(id:52388) from TestFile(id:307139)
DEBUG:Processing item TestFile(id:307139): current right entry:dhe@ixenso.com(id:52483)
DEBUG:Processing item TestFile(id:307139): current right entry:jla@ixenso.com(id:51715)
DEBUG:Processing item TestFolder(id:402642): current right entry:cst@ixenso.com(id:52388)
DEBUG:Removing cst@ixenso.com(id:52388) from TestFolder(id:402642)
DEBUG:Processing item TestFolder(id:402642): current right entry:dhe@ixenso.com(id:52483)
DEBUG:Processing item TestFolder(id:402642): current right entry:jla@ixenso.com(id:51715)
DEBUG:Processing item 4cc85cfb-f726-4957-90f8-00196d74a39c_Prescription.tif(id:153348): current right entry:cst@ixenso.com(id:52388)
DEBUG:Removing cst@ixenso.com(id:52388) from 4cc85cfb-f726-4957-90f8-00196d74a39c_Prescription.tif(id:153348)
DEBUG:Processing item 4cc85cfb-f726-4957-90f8-00196d74a39c_Prescription.tif(id:153348): current right entry:dhe@ixenso.com(id:52483)
DEBUG:Processing item 4cc85cfb-f726-4957-90f8-00196d74a39c_Prescription.tif(id:153348): current right entry:jla@ixenso.com(id:51715)
DEBUG:Processing item 4cc85cfb-f726-4957-90f8-00196d74a39c_Prescription.tif(id:153348): current right entry:md@ixenso.com(id:52498)
DEBUG:Processing item 4cc85cfb-f726-4957-90f8-00196d74a39c_Prescription.tif(id:153348): current right entry:mtb@ixenso.com(id:51830)
DEBUG:Processing item Datenmanagement(id:160022): current right entry:cst@ixenso.com(id:52388)
DEBUG:Removing cst@ixenso.com(id:52388) from Datenmanagement(id:160022)
DEBUG:Processing item Datenmanagement(id:160022): current right entry:dhe@ixenso.com(id:52483)
DEBUG:Processing item Datenmanagement(id:160022): current right entry:jla@ixenso.com(id:51715)
DEBUG:Processing item Test3(id:298443): current right entry:cst@ixenso.com(id:52388)
DEBUG:Removing cst@ixenso.com(id:52388) from Test3(id:298443)
DEBUG:Processing item Test3(id:298443): current right entry:dhe@ixenso.com(id:52483)
DEBUG:Processing item Test3(id:298443): current right entry:jla@ixenso.com(id:51715)
INFO:Partition has updated items in basefolder 75788 in 6874 milliseconds...
INFO:Document remaining: 70...
INFO:Completed 6/16 partitons: 37,50%...
DEBUG:Processing item 037(id:153329): current right entry:cst@ixenso.com(id:52388)
DEBUG:Removing cst@ixenso.com(id:52388) from 037(id:153329)
DEBUG:Processing item 037(id:153329): current right entry:dhe@ixenso.com(id:52483)
DEBUG:Processing item 037(id:153329): current right entry:jla@ixenso.com(id:51715)
DEBUG:Processing item 037(id:153329): current right entry:md@ixenso.com(id:52498)
DEBUG:Processing item 037(id:153329): current right entry:mtb@ixenso.com(id:51830)
DEBUG:Processing item ac66c1e4-ea27-4aa3-b501-001ae984e6ae_Prescription.tif(id:153349): current right entry:cst@ixenso.com(id:52388)
DEBUG:Removing cst@ixenso.com(id:52388) from ac66c1e4-ea27-4aa3-b501-001ae984e6ae_Prescription.tif(id:153349)
DEBUG:Processing item ac66c1e4-ea27-4aa3-b501-001ae984e6ae_Prescription.tif(id:153349): current right entry:dhe@ixenso.com(id:52483)
DEBUG:Processing item ac66c1e4-ea27-4aa3-b501-001ae984e6ae_Prescription.tif(id:153349): current right entry:jla@ixenso.com(id:51715)
DEBUG:Processing item ac66c1e4-ea27-4aa3-b501-001ae984e6ae_Prescription.tif(id:153349): current right entry:md@ixenso.com(id:52498)
DEBUG:Processing item ac66c1e4-ea27-4aa3-b501-001ae984e6ae_Prescription.tif(id:153349): current right entry:mtb@ixenso.com(id:51830)
DEBUG:Processing item 025(id:153324): current right entry:cst@ixenso.com(id:52388)
DEBUG:Removing cst@ixenso.com(id:52388) from 025(id:153324)
DEBUG:Processing item 025(id:153324): current right entry:dhe@ixenso.com(id:52483)
DEBUG:Processing item 025(id:153324): current right entry:jla@ixenso.com(id:51715)
DEBUG:Processing item 025(id:153324): current right entry:md@ixenso.com(id:52498)
DEBUG:Processing item 025(id:153324): current right entry:mtb@ixenso.com(id:51830)
DEBUG:Processing item Business Partner(id:155809): current right entry:cst@ixenso.com(id:52388)
DEBUG:Removing cst@ixenso.com(id:52388) from Business Partner(id:155809)
DEBUG:Processing item Business Partner(id:155809): current right entry:dhe@ixenso.com(id:52483)
DEBUG:Processing item Business Partner(id:155809): current right entry:jla@ixenso.com(id:51715)
DEBUG:Processing item 039(id:153333): current right entry:cst@ixenso.com(id:52388)
DEBUG:Removing cst@ixenso.com(id:52388) from 039(id:153333)
DEBUG:Processing item 039(id:153333): current right entry:dhe@ixenso.com(id:52483)
DEBUG:Processing item 039(id:153333): current right entry:jla@ixenso.com(id:51715)
DEBUG:Processing item 039(id:153333): current right entry:md@ixenso.com(id:52498)
DEBUG:Processing item 039(id:153333): current right entry:mtb@ixenso.com(id:51830)
DEBUG:Processing item 9a5303f7-2c94-44b5-bbc5-0000867799e4_Prescription.tif(id:153340): current right entry:cst@ixenso.com(id:52388)
DEBUG:Removing cst@ixenso.com(id:52388) from 9a5303f7-2c94-44b5-bbc5-0000867799e4_Prescription.tif(id:153340)
DEBUG:Processing item 9a5303f7-2c94-44b5-bbc5-0000867799e4_Prescription.tif(id:153340): current right entry:dhe@ixenso.com(id:52483)
DEBUG:Processing item 9a5303f7-2c94-44b5-bbc5-0000867799e4_Prescription.tif(id:153340): current right entry:jla@ixenso.com(id:51715)
DEBUG:Processing item 9a5303f7-2c94-44b5-bbc5-0000867799e4_Prescription.tif(id:153340): current right entry:md@ixenso.com(id:52498)
DEBUG:Processing item 9a5303f7-2c94-44b5-bbc5-0000867799e4_Prescription.tif(id:153340): current right entry:mtb@ixenso.com(id:51830)
DEBUG:Processing item 3cd52ef1-fa68-4c75-bdfe-00219925738f_Prescription.tif(id:153353): current right entry:cst@ixenso.com(id:52388)
DEBUG:Removing cst@ixenso.com(id:52388) from 3cd52ef1-fa68-4c75-bdfe-00219925738f_Prescription.tif(id:153353)
DEBUG:Processing item 3cd52ef1-fa68-4c75-bdfe-00219925738f_Prescription.tif(id:153353): current right entry:dhe@ixenso.com(id:52483)
DEBUG:Processing item 3cd52ef1-fa68-4c75-bdfe-00219925738f_Prescription.tif(id:153353): current right entry:jla@ixenso.com(id:51715)
DEBUG:Processing item 3cd52ef1-fa68-4c75-bdfe-00219925738f_Prescription.tif(id:153353): current right entry:md@ixenso.com(id:52498)
DEBUG:Processing item 3cd52ef1-fa68-4c75-bdfe-00219925738f_Prescription.tif(id:153353): current right entry:mtb@ixenso.com(id:51830)
DEBUG:Processing item ba6c6392-deb4-4e5b-8c87-00256b42ac64_Prescription.tif(id:153356): current right entry:cst@ixenso.com(id:52388)
DEBUG:Removing cst@ixenso.com(id:52388) from ba6c6392-deb4-4e5b-8c87-00256b42ac64_Prescription.tif(id:153356)
DEBUG:Processing item ba6c6392-deb4-4e5b-8c87-00256b42ac64_Prescription.tif(id:153356): current right entry:dhe@ixenso.com(id:52483)
DEBUG:Processing item ba6c6392-deb4-4e5b-8c87-00256b42ac64_Prescription.tif(id:153356): current right entry:jla@ixenso.com(id:51715)
DEBUG:Processing item ba6c6392-deb4-4e5b-8c87-00256b42ac64_Prescription.tif(id:153356): current right entry:md@ixenso.com(id:52498)
DEBUG:Processing item ba6c6392-deb4-4e5b-8c87-00256b42ac64_Prescription.tif(id:153356): current right entry:mtb@ixenso.com(id:51830)
DEBUG:Processing item Human Resources(id:160024): current right entry:cst@ixenso.com(id:52388)
DEBUG:Removing cst@ixenso.com(id:52388) from Human Resources(id:160024)
DEBUG:Processing item Human Resources(id:160024): current right entry:dhe@ixenso.com(id:52483)
DEBUG:Processing item Human Resources(id:160024): current right entry:jla@ixenso.com(id:51715)
DEBUG:Processing item 061(id:153321): current right entry:cst@ixenso.com(id:52388)
DEBUG:Removing cst@ixenso.com(id:52388) from 061(id:153321)
DEBUG:Processing item 061(id:153321): current right entry:dhe@ixenso.com(id:52483)
DEBUG:Processing item 061(id:153321): current right entry:jla@ixenso.com(id:51715)
DEBUG:Processing item 061(id:153321): current right entry:md@ixenso.com(id:52498)
DEBUG:Processing item 061(id:153321): current right entry:mtb@ixenso.com(id:51830)
DEBUG:Processing item 033(id:153323): current right entry:cst@ixenso.com(id:52388)
DEBUG:Removing cst@ixenso.com(id:52388) from 033(id:153323)
DEBUG:Processing item 033(id:153323): current right entry:dhe@ixenso.com(id:52483)
DEBUG:Processing item 033(id:153323): current right entry:jla@ixenso.com(id:51715)
DEBUG:Processing item 033(id:153323): current right entry:md@ixenso.com(id:52498)
DEBUG:Processing item 033(id:153323): current right entry:mtb@ixenso.com(id:51830)
DEBUG:Processing item 5ba702d7-52de-442b-8a9b-00105b3165c2_Prescription.tif(id:153343): current right entry:cst@ixenso.com(id:52388)
DEBUG:Removing cst@ixenso.com(id:52388) from 5ba702d7-52de-442b-8a9b-00105b3165c2_Prescription.tif(id:153343)
DEBUG:Processing item 5ba702d7-52de-442b-8a9b-00105b3165c2_Prescription.tif(id:153343): current right entry:dhe@ixenso.com(id:52483)
DEBUG:Processing item 5ba702d7-52de-442b-8a9b-00105b3165c2_Prescription.tif(id:153343): current right entry:jla@ixenso.com(id:51715)
DEBUG:Processing item 5ba702d7-52de-442b-8a9b-00105b3165c2_Prescription.tif(id:153343): current right entry:md@ixenso.com(id:52498)
DEBUG:Processing item 5ba702d7-52de-442b-8a9b-00105b3165c2_Prescription.tif(id:153343): current right entry:mtb@ixenso.com(id:51830)
INFO:Partition has updated items in basefolder 75788 in 1683 milliseconds...
INFO:Document remaining: 63...
INFO:Completed 7/16 partitons: 43,75%...
DEBUG:Processing item 043(id:153322): current right entry:cst@ixenso.com(id:52388)
DEBUG:Removing cst@ixenso.com(id:52388) from 043(id:153322)
DEBUG:Processing item 043(id:153322): current right entry:dhe@ixenso.com(id:52483)
DEBUG:Processing item 043(id:153322): current right entry:jla@ixenso.com(id:51715)
DEBUG:Processing item 043(id:153322): current right entry:md@ixenso.com(id:52498)
DEBUG:Processing item 043(id:153322): current right entry:mtb@ixenso.com(id:51830)
DEBUG:Processing item 040(id:153332): current right entry:cst@ixenso.com(id:52388)
DEBUG:Removing cst@ixenso.com(id:52388) from 040(id:153332)
DEBUG:Processing item 040(id:153332): current right entry:dhe@ixenso.com(id:52483)
DEBUG:Processing item 040(id:153332): current right entry:jla@ixenso.com(id:51715)
DEBUG:Processing item 040(id:153332): current right entry:md@ixenso.com(id:52498)
DEBUG:Processing item 040(id:153332): current right entry:mtb@ixenso.com(id:51830)
DEBUG:Processing item Finanzen(id:160023): current right entry:cst@ixenso.com(id:52388)
DEBUG:Removing cst@ixenso.com(id:52388) from Finanzen(id:160023)
DEBUG:Processing item Finanzen(id:160023): current right entry:dhe@ixenso.com(id:52483)
DEBUG:Processing item Finanzen(id:160023): current right entry:jla@ixenso.com(id:51715)
DEBUG:Processing item 09192907-d9e5-465d-a64a-000c66fad511_Prescription.tif(id:153342): current right entry:cst@ixenso.com(id:52388)
DEBUG:Removing cst@ixenso.com(id:52388) from 09192907-d9e5-465d-a64a-000c66fad511_Prescription.tif(id:153342)
DEBUG:Processing item 09192907-d9e5-465d-a64a-000c66fad511_Prescription.tif(id:153342): current right entry:dhe@ixenso.com(id:52483)
DEBUG:Processing item 09192907-d9e5-465d-a64a-000c66fad511_Prescription.tif(id:153342): current right entry:jla@ixenso.com(id:51715)
DEBUG:Processing item 09192907-d9e5-465d-a64a-000c66fad511_Prescription.tif(id:153342): current right entry:md@ixenso.com(id:52498)
DEBUG:Processing item 09192907-d9e5-465d-a64a-000c66fad511_Prescription.tif(id:153342): current right entry:mtb@ixenso.com(id:51830)
DEBUG:Processing item dc7fd276-4d31-4aca-aee8-00171285c85a_Prescription.tif(id:153346): current right entry:cst@ixenso.com(id:52388)
DEBUG:Removing cst@ixenso.com(id:52388) from dc7fd276-4d31-4aca-aee8-00171285c85a_Prescription.tif(id:153346)
DEBUG:Processing item dc7fd276-4d31-4aca-aee8-00171285c85a_Prescription.tif(id:153346): current right entry:dhe@ixenso.com(id:52483)
DEBUG:Processing item dc7fd276-4d31-4aca-aee8-00171285c85a_Prescription.tif(id:153346): current right entry:jla@ixenso.com(id:51715)
DEBUG:Processing item dc7fd276-4d31-4aca-aee8-00171285c85a_Prescription.tif(id:153346): current right entry:md@ixenso.com(id:52498)
DEBUG:Processing item dc7fd276-4d31-4aca-aee8-00171285c85a_Prescription.tif(id:153346): current right entry:mtb@ixenso.com(id:51830)
DEBUG:Processing item 010(id:153325): current right entry:cst@ixenso.com(id:52388)
DEBUG:Removing cst@ixenso.com(id:52388) from 010(id:153325)
DEBUG:Processing item 010(id:153325): current right entry:dhe@ixenso.com(id:52483)
DEBUG:Processing item 010(id:153325): current right entry:jla@ixenso.com(id:51715)
DEBUG:Processing item 010(id:153325): current right entry:md@ixenso.com(id:52498)
DEBUG:Processing item 010(id:153325): current right entry:mtb@ixenso.com(id:51830)
DEBUG:Processing item f5f247d5-3576-4961-858b-001673ae13a0_Prescription.tif(id:153344): current right entry:cst@ixenso.com(id:52388)
DEBUG:Removing cst@ixenso.com(id:52388) from f5f247d5-3576-4961-858b-001673ae13a0_Prescription.tif(id:153344)
DEBUG:Processing item f5f247d5-3576-4961-858b-001673ae13a0_Prescription.tif(id:153344): current right entry:dhe@ixenso.com(id:52483)
DEBUG:Processing item f5f247d5-3576-4961-858b-001673ae13a0_Prescription.tif(id:153344): current right entry:jla@ixenso.com(id:51715)
DEBUG:Processing item f5f247d5-3576-4961-858b-001673ae13a0_Prescription.tif(id:153344): current right entry:md@ixenso.com(id:52498)
DEBUG:Processing item f5f247d5-3576-4961-858b-001673ae13a0_Prescription.tif(id:153344): current right entry:mtb@ixenso.com(id:51830)
DEBUG:Processing item 069(id:153327): current right entry:cst@ixenso.com(id:52388)
DEBUG:Removing cst@ixenso.com(id:52388) from 069(id:153327)
DEBUG:Processing item 069(id:153327): current right entry:dhe@ixenso.com(id:52483)
DEBUG:Processing item 069(id:153327): current right entry:jla@ixenso.com(id:51715)
DEBUG:Processing item 069(id:153327): current right entry:md@ixenso.com(id:52498)
DEBUG:Processing item 069(id:153327): current right entry:mtb@ixenso.com(id:51830)
DEBUG:Processing item COOP VITALITY APOTHEKE BIEL(id:153656): current right entry:cst@ixenso.com(id:52388)
DEBUG:Removing cst@ixenso.com(id:52388) from COOP VITALITY APOTHEKE BIEL(id:153656)
DEBUG:Processing item COOP VITALITY APOTHEKE BIEL(id:153656): current right entry:dhe@ixenso.com(id:52483)
DEBUG:Processing item COOP VITALITY APOTHEKE BIEL(id:153656): current right entry:jla@ixenso.com(id:51715)
DEBUG:Processing item COOP VITALITY APOTHEKE BIEL(id:153656): current right entry:md@ixenso.com(id:52498)
DEBUG:Processing item COOP VITALITY APOTHEKE BIEL(id:153656): current right entry:mtb@ixenso.com(id:51830)
DEBUG:Processing item Triascan(id:75787): current right entry:cst@ixenso.com(id:52388)
DEBUG:Removing cst@ixenso.com(id:52388) from Triascan(id:75787)
DEBUG:Processing item Triascan(id:75787): current right entry:dhe@ixenso.com(id:52483)
DEBUG:Processing item Triascan(id:75787): current right entry:jla@ixenso.com(id:51715)
DEBUG:Processing item Triascan(id:75787): current right entry:md@ixenso.com(id:52498)
DEBUG:Processing item Triascan(id:75787): current right entry:mtb@ixenso.com(id:51830)
DEBUG:Processing item e870c4e8-b4c9-4d28-beea-002780c14283_Prescription.tif(id:153358): current right entry:cst@ixenso.com(id:52388)
DEBUG:Removing cst@ixenso.com(id:52388) from e870c4e8-b4c9-4d28-beea-002780c14283_Prescription.tif(id:153358)
DEBUG:Processing item e870c4e8-b4c9-4d28-beea-002780c14283_Prescription.tif(id:153358): current right entry:dhe@ixenso.com(id:52483)
DEBUG:Processing item e870c4e8-b4c9-4d28-beea-002780c14283_Prescription.tif(id:153358): current right entry:jla@ixenso.com(id:51715)
DEBUG:Processing item e870c4e8-b4c9-4d28-beea-002780c14283_Prescription.tif(id:153358): current right entry:md@ixenso.com(id:52498)
DEBUG:Processing item e870c4e8-b4c9-4d28-beea-002780c14283_Prescription.tif(id:153358): current right entry:mtb@ixenso.com(id:51830)
DEBUG:Processing item 024(id:153320): current right entry:cst@ixenso.com(id:52388)
DEBUG:Removing cst@ixenso.com(id:52388) from 024(id:153320)
DEBUG:Processing item 024(id:153320): current right entry:dhe@ixenso.com(id:52483)
DEBUG:Processing item 024(id:153320): current right entry:jla@ixenso.com(id:51715)
DEBUG:Processing item 024(id:153320): current right entry:md@ixenso.com(id:52498)
DEBUG:Processing item 024(id:153320): current right entry:mtb@ixenso.com(id:51830)
DEBUG:Processing item 004(id:153338): current right entry:cst@ixenso.com(id:52388)
DEBUG:Removing cst@ixenso.com(id:52388) from 004(id:153338)
DEBUG:Processing item 004(id:153338): current right entry:dhe@ixenso.com(id:52483)
DEBUG:Processing item 004(id:153338): current right entry:jla@ixenso.com(id:51715)
DEBUG:Processing item 004(id:153338): current right entry:md@ixenso.com(id:52498)
DEBUG:Processing item 004(id:153338): current right entry:mtb@ixenso.com(id:51830)
INFO:Partition has updated items in basefolder 75788 in 1808 milliseconds...
INFO:Document remaining: 56...
INFO:Completed 8/16 partitons: 50,00%...
DEBUG:Processing item 54a19dd7-60f9-408f-a7af-001b3fe622bd_Prescription.tif(id:153351): current right entry:cst@ixenso.com(id:52388)
DEBUG:Removing cst@ixenso.com(id:52388) from 54a19dd7-60f9-408f-a7af-001b3fe622bd_Prescription.tif(id:153351)
DEBUG:Processing item 54a19dd7-60f9-408f-a7af-001b3fe622bd_Prescription.tif(id:153351): current right entry:dhe@ixenso.com(id:52483)
DEBUG:Processing item 54a19dd7-60f9-408f-a7af-001b3fe622bd_Prescription.tif(id:153351): current right entry:jla@ixenso.com(id:51715)
DEBUG:Processing item 54a19dd7-60f9-408f-a7af-001b3fe622bd_Prescription.tif(id:153351): current right entry:md@ixenso.com(id:52498)
DEBUG:Processing item 54a19dd7-60f9-408f-a7af-001b3fe622bd_Prescription.tif(id:153351): current right entry:mtb@ixenso.com(id:51830)
DEBUG:Processing item 068(id:153326): current right entry:cst@ixenso.com(id:52388)
DEBUG:Removing cst@ixenso.com(id:52388) from 068(id:153326)
DEBUG:Processing item 068(id:153326): current right entry:dhe@ixenso.com(id:52483)
DEBUG:Processing item 068(id:153326): current right entry:jla@ixenso.com(id:51715)
DEBUG:Processing item 068(id:153326): current right entry:md@ixenso.com(id:52498)
DEBUG:Processing item 068(id:153326): current right entry:mtb@ixenso.com(id:51830)
INFO:Partition has updated items in basefolder 75788 in 8985 milliseconds...
INFO:Document remaining: 49...
INFO:Completed 9/16 partitons: 56,25%...
DEBUG:Processing item FARMACIA COOP VITALITY TENERO(id:153653): current right entry:cst@ixenso.com(id:52388)
DEBUG:Removing cst@ixenso.com(id:52388) from FARMACIA COOP VITALITY TENERO(id:153653)
DEBUG:Processing item FARMACIA COOP VITALITY TENERO(id:153653): current right entry:dhe@ixenso.com(id:52483)
DEBUG:Processing item FARMACIA COOP VITALITY TENERO(id:153653): current right entry:jla@ixenso.com(id:51715)
DEBUG:Processing item FARMACIA COOP VITALITY TENERO(id:153653): current right entry:md@ixenso.com(id:52498)
DEBUG:Processing item FARMACIA COOP VITALITY TENERO(id:153653): current right entry:mtb@ixenso.com(id:51830)
DEBUG:Processing item c9b0dfe6-0d68-42a8-b017-0029da799639_Prescription.tif(id:153359): current right entry:cst@ixenso.com(id:52388)
DEBUG:Removing cst@ixenso.com(id:52388) from c9b0dfe6-0d68-42a8-b017-0029da799639_Prescription.tif(id:153359)
DEBUG:Processing item c9b0dfe6-0d68-42a8-b017-0029da799639_Prescription.tif(id:153359): current right entry:dhe@ixenso.com(id:52483)
DEBUG:Processing item c9b0dfe6-0d68-42a8-b017-0029da799639_Prescription.tif(id:153359): current right entry:jla@ixenso.com(id:51715)
DEBUG:Processing item c9b0dfe6-0d68-42a8-b017-0029da799639_Prescription.tif(id:153359): current right entry:md@ixenso.com(id:52498)
DEBUG:Processing item c9b0dfe6-0d68-42a8-b017-0029da799639_Prescription.tif(id:153359): current right entry:mtb@ixenso.com(id:51830)
DEBUG:Processing item Altdaten(id:98033): current right entry:cst@ixenso.com(id:52388)
DEBUG:Removing cst@ixenso.com(id:52388) from Altdaten(id:98033)
DEBUG:Processing item Altdaten(id:98033): current right entry:dhe@ixenso.com(id:52483)
DEBUG:Processing item Altdaten(id:98033): current right entry:jla@ixenso.com(id:51715)
DEBUG:Processing item 9385db58-683f-4b7c-bb9e-000c4edcc024_Prescription.tif(id:153341): current right entry:cst@ixenso.com(id:52388)
DEBUG:Removing cst@ixenso.com(id:52388) from 9385db58-683f-4b7c-bb9e-000c4edcc024_Prescription.tif(id:153341)
DEBUG:Processing item 9385db58-683f-4b7c-bb9e-000c4edcc024_Prescription.tif(id:153341): current right entry:dhe@ixenso.com(id:52483)
DEBUG:Processing item 9385db58-683f-4b7c-bb9e-000c4edcc024_Prescription.tif(id:153341): current right entry:jla@ixenso.com(id:51715)
DEBUG:Processing item 9385db58-683f-4b7c-bb9e-000c4edcc024_Prescription.tif(id:153341): current right entry:md@ixenso.com(id:52498)
DEBUG:Processing item 9385db58-683f-4b7c-bb9e-000c4edcc024_Prescription.tif(id:153341): current right entry:mtb@ixenso.com(id:51830)
DEBUG:Processing item S-Z(id:160021): current right entry:cst@ixenso.com(id:52388)
DEBUG:Removing cst@ixenso.com(id:52388) from S-Z(id:160021)
DEBUG:Processing item S-Z(id:160021): current right entry:dhe@ixenso.com(id:52483)
DEBUG:Processing item S-Z(id:160021): current right entry:jla@ixenso.com(id:51715)
DEBUG:Processing item M-R(id:160020): current right entry:cst@ixenso.com(id:52388)
DEBUG:Removing cst@ixenso.com(id:52388) from M-R(id:160020)
DEBUG:Processing item M-R(id:160020): current right entry:dhe@ixenso.com(id:52483)
DEBUG:Processing item M-R(id:160020): current right entry:jla@ixenso.com(id:51715)
DEBUG:Processing item fb58682e-01ce-4e38-bc6b-0018c11c89dc_Prescription.tif(id:153347): current right entry:cst@ixenso.com(id:52388)
DEBUG:Removing cst@ixenso.com(id:52388) from fb58682e-01ce-4e38-bc6b-0018c11c89dc_Prescription.tif(id:153347)
DEBUG:Processing item fb58682e-01ce-4e38-bc6b-0018c11c89dc_Prescription.tif(id:153347): current right entry:dhe@ixenso.com(id:52483)
DEBUG:Processing item fb58682e-01ce-4e38-bc6b-0018c11c89dc_Prescription.tif(id:153347): current right entry:jla@ixenso.com(id:51715)
DEBUG:Processing item fb58682e-01ce-4e38-bc6b-0018c11c89dc_Prescription.tif(id:153347): current right entry:md@ixenso.com(id:52498)
DEBUG:Processing item fb58682e-01ce-4e38-bc6b-0018c11c89dc_Prescription.tif(id:153347): current right entry:mtb@ixenso.com(id:51830)
DEBUG:Processing item COOP VITALITY APOTHEKE GRENCHEN(id:153654): current right entry:cst@ixenso.com(id:52388)
DEBUG:Removing cst@ixenso.com(id:52388) from COOP VITALITY APOTHEKE GRENCHEN(id:153654)
DEBUG:Processing item COOP VITALITY APOTHEKE GRENCHEN(id:153654): current right entry:dhe@ixenso.com(id:52483)
DEBUG:Processing item COOP VITALITY APOTHEKE GRENCHEN(id:153654): current right entry:jla@ixenso.com(id:51715)
DEBUG:Processing item COOP VITALITY APOTHEKE GRENCHEN(id:153654): current right entry:md@ixenso.com(id:52498)
DEBUG:Processing item COOP VITALITY APOTHEKE GRENCHEN(id:153654): current right entry:mtb@ixenso.com(id:51830)
DEBUG:Processing item Coop Vitality AG(id:75788): current right entry:cst@ixenso.com(id:52388)
DEBUG:Removing cst@ixenso.com(id:52388) from Coop Vitality AG(id:75788)
DEBUG:Processing item Coop Vitality AG(id:75788): current right entry:dhe@ixenso.com(id:52483)
DEBUG:Processing item Coop Vitality AG(id:75788): current right entry:jla@ixenso.com(id:51715)
INFO:Partition has updated items in basefolder 75788 in 3017 milliseconds...
INFO:Document remaining: 42...
INFO:Completed 10/16 partitons: 62,50%...
DEBUG:Processing item e38b029a-5bc0-46ce-b30b-001eeee03375_Prescription.tif(id:153352): current right entry:cst@ixenso.com(id:52388)
DEBUG:Removing cst@ixenso.com(id:52388) from e38b029a-5bc0-46ce-b30b-001eeee03375_Prescription.tif(id:153352)
DEBUG:Processing item e38b029a-5bc0-46ce-b30b-001eeee03375_Prescription.tif(id:153352): current right entry:dhe@ixenso.com(id:52483)
DEBUG:Processing item e38b029a-5bc0-46ce-b30b-001eeee03375_Prescription.tif(id:153352): current right entry:jla@ixenso.com(id:51715)
DEBUG:Processing item e38b029a-5bc0-46ce-b30b-001eeee03375_Prescription.tif(id:153352): current right entry:md@ixenso.com(id:52498)
DEBUG:Processing item e38b029a-5bc0-46ce-b30b-001eeee03375_Prescription.tif(id:153352): current right entry:mtb@ixenso.com(id:51830)
DEBUG:Processing item PHARMACIE COOP VITALITY RENENS(id:153658): current right entry:cst@ixenso.com(id:52388)
DEBUG:Removing cst@ixenso.com(id:52388) from PHARMACIE COOP VITALITY RENENS(id:153658)
DEBUG:Processing item PHARMACIE COOP VITALITY RENENS(id:153658): current right entry:dhe@ixenso.com(id:52483)
DEBUG:Processing item PHARMACIE COOP VITALITY RENENS(id:153658): current right entry:jla@ixenso.com(id:51715)
DEBUG:Processing item PHARMACIE COOP VITALITY RENENS(id:153658): current right entry:md@ixenso.com(id:52498)
DEBUG:Processing item PHARMACIE COOP VITALITY RENENS(id:153658): current right entry:mtb@ixenso.com(id:51830)
DEBUG:Processing item PHARMACIE COOP VITALITY AGY(id:153657): current right entry:cst@ixenso.com(id:52388)
DEBUG:Removing cst@ixenso.com(id:52388) from PHARMACIE COOP VITALITY AGY(id:153657)
DEBUG:Processing item PHARMACIE COOP VITALITY AGY(id:153657): current right entry:dhe@ixenso.com(id:52483)
DEBUG:Processing item PHARMACIE COOP VITALITY AGY(id:153657): current right entry:jla@ixenso.com(id:51715)
DEBUG:Processing item PHARMACIE COOP VITALITY AGY(id:153657): current right entry:md@ixenso.com(id:52498)
DEBUG:Processing item PHARMACIE COOP VITALITY AGY(id:153657): current right entry:mtb@ixenso.com(id:51830)
DEBUG:Processing item COOP VITALITY APOTHEKE SÜDPARK(id:153652): current right entry:cst@ixenso.com(id:52388)
DEBUG:Removing cst@ixenso.com(id:52388) from COOP VITALITY APOTHEKE SÜDPARK(id:153652)
DEBUG:Processing item COOP VITALITY APOTHEKE SÜDPARK(id:153652): current right entry:dhe@ixenso.com(id:52483)
DEBUG:Processing item COOP VITALITY APOTHEKE SÜDPARK(id:153652): current right entry:jla@ixenso.com(id:51715)
DEBUG:Processing item COOP VITALITY APOTHEKE SÜDPARK(id:153652): current right entry:md@ixenso.com(id:52498)
DEBUG:Processing item COOP VITALITY APOTHEKE SÜDPARK(id:153652): current right entry:mtb@ixenso.com(id:51830)
DEBUG:Processing item 702fbca6-c321-4866-8cb2-0017120edb0d_Prescription.tif(id:153345): current right entry:cst@ixenso.com(id:52388)
DEBUG:Removing cst@ixenso.com(id:52388) from 702fbca6-c321-4866-8cb2-0017120edb0d_Prescription.tif(id:153345)
DEBUG:Processing item 702fbca6-c321-4866-8cb2-0017120edb0d_Prescription.tif(id:153345): current right entry:dhe@ixenso.com(id:52483)
DEBUG:Processing item 702fbca6-c321-4866-8cb2-0017120edb0d_Prescription.tif(id:153345): current right entry:jla@ixenso.com(id:51715)
DEBUG:Processing item 702fbca6-c321-4866-8cb2-0017120edb0d_Prescription.tif(id:153345): current right entry:md@ixenso.com(id:52498)
DEBUG:Processing item 702fbca6-c321-4866-8cb2-0017120edb0d_Prescription.tif(id:153345): current right entry:mtb@ixenso.com(id:51830)
INFO:Partition has updated items in basefolder 75788 in 2688 milliseconds...
INFO:Document remaining: 35...
INFO:Completed 11/16 partitons: 68,75%...
DEBUG:Processing item COOP VITALITY APOTHEKE LYSS(id:153655): current right entry:cst@ixenso.com(id:52388)
DEBUG:Removing cst@ixenso.com(id:52388) from COOP VITALITY APOTHEKE LYSS(id:153655)
DEBUG:Processing item COOP VITALITY APOTHEKE LYSS(id:153655): current right entry:dhe@ixenso.com(id:52483)
DEBUG:Processing item COOP VITALITY APOTHEKE LYSS(id:153655): current right entry:jla@ixenso.com(id:51715)
DEBUG:Processing item COOP VITALITY APOTHEKE LYSS(id:153655): current right entry:md@ixenso.com(id:52498)
DEBUG:Processing item COOP VITALITY APOTHEKE LYSS(id:153655): current right entry:mtb@ixenso.com(id:51830)
INFO:Partition has updated items in basefolder 75788 in 2146 milliseconds...
INFO:Document remaining: 28...
INFO:Completed 12/16 partitons: 75,00%...
DEBUG:Processing item A-F(id:160018): current right entry:cst@ixenso.com(id:52388)
DEBUG:Removing cst@ixenso.com(id:52388) from A-F(id:160018)
DEBUG:Processing item A-F(id:160018): current right entry:dhe@ixenso.com(id:52483)
DEBUG:Processing item A-F(id:160018): current right entry:jla@ixenso.com(id:51715)
INFO:Partition has updated items in basefolder 75788 in 10803 milliseconds...
INFO:Document remaining: 21...
INFO:Completed 13/16 partitons: 81,25%...
DEBUG:Processing item 006(id:153339): current right entry:cst@ixenso.com(id:52388)
DEBUG:Removing cst@ixenso.com(id:52388) from 006(id:153339)
DEBUG:Processing item 006(id:153339): current right entry:dhe@ixenso.com(id:52483)
DEBUG:Processing item 006(id:153339): current right entry:jla@ixenso.com(id:51715)
DEBUG:Processing item 006(id:153339): current right entry:md@ixenso.com(id:52498)
DEBUG:Processing item 006(id:153339): current right entry:mtb@ixenso.com(id:51830)
INFO:Partition has updated items in basefolder 75788 in 2898 milliseconds...
INFO:Document remaining: 14...
INFO:Completed 14/16 partitons: 87,50%...
DEBUG:Processing item 050(id:191999): current right entry:cst@ixenso.com(id:52388)
DEBUG:Removing cst@ixenso.com(id:52388) from 050(id:191999)
DEBUG:Processing item 050(id:191999): current right entry:dhe@ixenso.com(id:52483)
DEBUG:Processing item 050(id:191999): current right entry:jla@ixenso.com(id:51715)
DEBUG:Processing item 2017(id:191998): current right entry:cst@ixenso.com(id:52388)
DEBUG:Removing cst@ixenso.com(id:52388) from 2017(id:191998)
DEBUG:Processing item 2017(id:191998): current right entry:dhe@ixenso.com(id:52483)
DEBUG:Processing item 2017(id:191998): current right entry:jla@ixenso.com(id:51715)
DEBUG:Processing item CVI_854_162942_Prescription.tif(id:191668): current right entry:cst@ixenso.com(id:52388)
DEBUG:Removing cst@ixenso.com(id:52388) from CVI_854_162942_Prescription.tif(id:191668)
DEBUG:Processing item CVI_854_162942_Prescription.tif(id:191668): current right entry:dhe@ixenso.com(id:52483)
DEBUG:Processing item CVI_854_162942_Prescription.tif(id:191668): current right entry:jla@ixenso.com(id:51715)
DEBUG:Processing item Test2(id:298442): current right entry:cst@ixenso.com(id:52388)
DEBUG:Removing cst@ixenso.com(id:52388) from Test2(id:298442)
DEBUG:Processing item Test2(id:298442): current right entry:dhe@ixenso.com(id:52483)
DEBUG:Processing item Test2(id:298442): current right entry:jla@ixenso.com(id:51715)
DEBUG:Processing item CVI804(id:267698): current right entry:cst@ixenso.com(id:52388)
DEBUG:Removing cst@ixenso.com(id:52388) from CVI804(id:267698)
DEBUG:Processing item CVI804(id:267698): current right entry:dhe@ixenso.com(id:52483)
DEBUG:Processing item CVI804(id:267698): current right entry:jla@ixenso.com(id:51715)
DEBUG:Processing item CVI_854_162969_Prescription.tif(id:192000): current right entry:cst@ixenso.com(id:52388)
DEBUG:Removing cst@ixenso.com(id:52388) from CVI_854_162969_Prescription.tif(id:192000)
DEBUG:Processing item CVI_854_162969_Prescription.tif(id:192000): current right entry:dhe@ixenso.com(id:52483)
DEBUG:Processing item CVI_854_162969_Prescription.tif(id:192000): current right entry:jla@ixenso.com(id:51715)
INFO:Partition has updated items in basefolder 75788 in 9691 milliseconds...
INFO:Document remaining: 7...
INFO:Completed 15/16 partitons: 93,75%...
DEBUG:Processing item PHARMACIE COOP VITALITY AGY(id:164511): current right entry:cst@ixenso.com(id:52388)
DEBUG:Removing cst@ixenso.com(id:52388) from PHARMACIE COOP VITALITY AGY(id:164511)
DEBUG:Processing item PHARMACIE COOP VITALITY AGY(id:164511): current right entry:dhe@ixenso.com(id:52483)
DEBUG:Processing item PHARMACIE COOP VITALITY AGY(id:164511): current right entry:jla@ixenso.com(id:51715)
DEBUG:Processing item CVI854(id:200291): current right entry:cst@ixenso.com(id:52388)
DEBUG:Removing cst@ixenso.com(id:52388) from CVI854(id:200291)
DEBUG:Processing item CVI854(id:200291): current right entry:dhe@ixenso.com(id:52483)
DEBUG:Processing item CVI854(id:200291): current right entry:jla@ixenso.com(id:51715)
DEBUG:Processing item Rezepte(id:200292): current right entry:cst@ixenso.com(id:52388)
DEBUG:Removing cst@ixenso.com(id:52388) from Rezepte(id:200292)
DEBUG:Processing item Rezepte(id:200292): current right entry:dhe@ixenso.com(id:52483)
DEBUG:Processing item Rezepte(id:200292): current right entry:jla@ixenso.com(id:51715)
DEBUG:Processing item Rezepte(id:164512): current right entry:cst@ixenso.com(id:52388)
DEBUG:Removing cst@ixenso.com(id:52388) from Rezepte(id:164512)
DEBUG:Processing item Rezepte(id:164512): current right entry:dhe@ixenso.com(id:52483)
DEBUG:Processing item Rezepte(id:164512): current right entry:jla@ixenso.com(id:51715)
DEBUG:Processing item 2017(id:200293): current right entry:cst@ixenso.com(id:52388)
DEBUG:Removing cst@ixenso.com(id:52388) from 2017(id:200293)
DEBUG:Processing item 2017(id:200293): current right entry:dhe@ixenso.com(id:52483)
DEBUG:Processing item 2017(id:200293): current right entry:jla@ixenso.com(id:51715)
